
An unexpected exception has been detected in native code outside the VM.
Unexpected Signal : EXCEPTION_ACCESS_VIOLATION occurred at PC=0x0
Function name=(N/A)
Library=(N/A)

NOTE: We are unable to locate the function name symbol for the error
      just occurred. Please refer to release documentation for possible
      reason and solutions.



Current Java thread:
	at sun.awt.windows.WToolkit.eventLoop(Native Method)
	at sun.awt.windows.WToolkit.run(Unknown Source)
	at java.lang.Thread.run(Unknown Source)

Dynamic libraries:
0x00400000 - 0x00BF3000 	C:\Program Files (x86)\Netscape\Navigator 9\navigator.exe
0x76EA0000 - 0x77043000 	C:\Windows\SYSTEM32\ntdll.dll
0x766A0000 - 0x76790000 	C:\Windows\System32\KERNEL32.DLL
0x75280000 - 0x75494000 	C:\Windows\System32\KERNELBASE.dll
0x75700000 - 0x757AF000 	C:\Windows\System32\comdlg32.dll
0x76950000 - 0x76A0F000 	C:\Windows\System32\msvcrt.dll
0x10000000 - 0x10071000 	C:\Program Files (x86)\Netscape\Navigator 9\js3250.dll
0x76080000 - 0x76301000 	C:\Windows\System32\combase.dll
0x76790000 - 0x768B0000 	C:\Windows\System32\ucrtbase.dll
0x757C0000 - 0x7587F000 	C:\Windows\System32\RPCRT4.dll
0x75600000 - 0x75687000 	C:\Windows\System32\shcore.dll
0x76330000 - 0x764C6000 	C:\Windows\System32\USER32.dll
0x76CF0000 - 0x76D08000 	C:\Windows\System32\win32u.dll
0x754A0000 - 0x754C3000 	C:\Windows\System32\GDI32.dll
0x7C340000 - 0x7C396000 	C:\Program Files (x86)\Netscape\Navigator 9\MSVCR71.dll
0x76B00000 - 0x76BDC000 	C:\Windows\System32\gdi32full.dll
0x764D0000 - 0x7654B000 	C:\Windows\System32\msvcp_win.dll
0x76550000 - 0x76595000 	C:\Windows\System32\SHLWAPI.dll
0x758C0000 - 0x75E73000 	C:\Windows\System32\SHELL32.dll
0x76A10000 - 0x76AF3000 	C:\Windows\System32\ole32.dll
0x765A0000 - 0x76636000 	C:\Windows\System32\OLEAUT32.dll
0x718C0000 - 0x71AD0000 	C:\Windows\WinSxS\x86_microsoft.windows.common-controls_6595b64144ccf1df_6.0.19041.1110_none_a8625c1886757984\COMCTL32.dll
0x768B0000 - 0x7692A000 	C:\Windows\System32\ADVAPI32.dll
0x75580000 - 0x755F5000 	C:\Windows\System32\sechost.dll
0x71780000 - 0x71788000 	C:\Windows\SYSTEM32\VERSION.dll
0x72E00000 - 0x72E6D000 	C:\Windows\SYSTEM32\WINSPOOL.DRV
0x01100000 - 0x01166000 	C:\Program Files (x86)\Netscape\Navigator 9\xpcom_core.dll
0x01170000 - 0x01198000 	C:\Program Files (x86)\Netscape\Navigator 9\nspr4.dll
0x011A0000 - 0x011FD000 	C:\Program Files (x86)\Netscape\Navigator 9\nss3.dll
0x01200000 - 0x01214000 	C:\Program Files (x86)\Netscape\Navigator 9\xpcom_compat.dll
0x01220000 - 0x01228000 	C:\Program Files (x86)\Netscape\Navigator 9\plc4.dll
0x01230000 - 0x01251000 	C:\Program Files (x86)\Netscape\Navigator 9\ssl3.dll
0x01260000 - 0x01266000 	C:\Program Files (x86)\Netscape\Navigator 9\plds4.dll
0x746C0000 - 0x746C8000 	C:\Windows\SYSTEM32\WSOCK32.dll
0x746D0000 - 0x746F8000 	C:\Windows\SYSTEM32\WINMM.dll
0x75690000 - 0x756F3000 	C:\Windows\System32\WS2_32.dll
0x7C3A0000 - 0x7C41B000 	C:\Program Files (x86)\Netscape\Navigator 9\MSVCP71.dll
0x01270000 - 0x0128A000 	C:\Program Files (x86)\Netscape\Navigator 9\smime3.dll
0x01290000 - 0x012D5000 	C:\Program Files (x86)\Netscape\Navigator 9\softokn3.dll
0x75E80000 - 0x75EA5000 	C:\Windows\System32\IMM32.DLL
0x749F0000 - 0x74A42000 	C:\Windows\system32\mswsock.dll
0x73620000 - 0x7362F000 	C:\Windows\SYSTEM32\kernel.appcore.dll
0x754D0000 - 0x7552F000 	C:\Windows\System32\bcryptPrimitives.dll
0x72C60000 - 0x72CD4000 	C:\Windows\system32\uxtheme.dll
0x75EB0000 - 0x75F84000 	C:\Windows\System32\MSCTF.dll
0x72FA0000 - 0x735A9000 	C:\Windows\SYSTEM32\windows.storage.dll
0x72F70000 - 0x72F94000 	C:\Windows\SYSTEM32\Wldp.dll
0x75880000 - 0x758BB000 	C:\Windows\System32\CFGMGR32.dll
0x75F90000 - 0x7600E000 	C:\Windows\System32\clbcatq.dll
0x71AD0000 - 0x71B92000 	C:\Windows\system32\propsys.dll
0x72E70000 - 0x72E88000 	C:\Windows\SYSTEM32\profapi.dll
0x01380000 - 0x0138B000 	C:\Program Files (x86)\Netscape\Navigator 9\components\myspell.dll
0x747B0000 - 0x747E2000 	C:\Windows\SYSTEM32\iphlpapi.dll
0x03030000 - 0x03043000 	C:\Program Files (x86)\Netscape\Navigator 9\components\jar50.dll
0x757B0000 - 0x757B7000 	C:\Windows\System32\NSI.dll
0x74840000 - 0x74851000 	C:\Windows\system32\napinsp.dll
0x74820000 - 0x74836000 	C:\Windows\system32\pnrpnsp.dll
0x74810000 - 0x74820000 	C:\Windows\system32\wshbth.dll
0x747F0000 - 0x74806000 	C:\Windows\system32\NLAapi.dll
0x74710000 - 0x747A2000 	C:\Windows\SYSTEM32\DNSAPI.dll
0x74700000 - 0x7470E000 	C:\Windows\System32\winrnr.dll
0x6F950000 - 0x6F95E000 	C:\Windows\system32\msimtf.dll
0x72690000 - 0x726C1000 	C:\Windows\system32\dataexchange.dll
0x724B0000 - 0x72690000 	C:\Windows\system32\d3d11.dll
0x72340000 - 0x724A5000 	C:\Windows\system32\dcomp.dll
0x72270000 - 0x72333000 	C:\Windows\system32\dxgi.dll
0x720E0000 - 0x7226F000 	C:\Windows\system32\twinapi.appcore.dll
0x054E0000 - 0x05511000 	C:\Program Files (x86)\Netscape\Navigator 9\freebl3.dll
0x74860000 - 0x7486A000 	C:\Windows\SYSTEM32\CRYPTBASE.DLL
0x05520000 - 0x05561000 	C:\Program Files (x86)\Netscape\Navigator 9\nssckbi.dll
0x057F0000 - 0x057FE000 	C:\Program Files (x86)\Netscape\Navigator 9\components\spellchk.dll
0x72BA0000 - 0x72C59000 	C:\Windows\SYSTEM32\textinputframework.dll
0x72B00000 - 0x72B9B000 	C:\Windows\System32\CoreMessaging.dll
0x72880000 - 0x72AFE000 	C:\Windows\System32\CoreUIComponents.dll
0x72850000 - 0x72879000 	C:\Windows\SYSTEM32\ntmarta.dll
0x72770000 - 0x7284B000 	C:\Windows\SYSTEM32\wintypes.dll
0x726D0000 - 0x72764000 	C:\Windows\SYSTEM32\TextShaping.dll
0x6F940000 - 0x6F946000 	C:\Windows\SYSTEM32\msimg32.DLL
0x735B0000 - 0x735B8000 	C:\Windows\System32\rasadhlp.dll
0x735C0000 - 0x73618000 	C:\Windows\System32\fwpuclnt.dll
0x76310000 - 0x76329000 	C:\Windows\System32\bcrypt.dll
0x6D350000 - 0x6D35D000 	C:\Program Files (x86)\Netscape\Navigator 9\plugins\NPJinit13122.dll
0x6D2E0000 - 0x6D2FF000 	C:\Program Files (x86)\Oracle\JInitiator 1.3.1.22\bin\jpins32.dll
0x6D300000 - 0x6D316000 	C:\Program Files (x86)\Oracle\JInitiator 1.3.1.22\bin\jpishare.dll
0x6D3F0000 - 0x6D4CB000 	C:\PROGRA~2\Oracle\JINITI~1.22\bin\hotspot\jvm.dll
0x6D220000 - 0x6D227000 	C:\PROGRA~2\Oracle\JINITI~1.22\bin\hpi.dll
0x6D380000 - 0x6D38D000 	C:\PROGRA~2\Oracle\JINITI~1.22\bin\verify.dll
0x6D250000 - 0x6D268000 	C:\PROGRA~2\Oracle\JINITI~1.22\bin\java.dll
0x6D390000 - 0x6D39D000 	C:\PROGRA~2\Oracle\JINITI~1.22\bin\zip.dll
0x6D020000 - 0x6D12B000 	C:\Program Files (x86)\Oracle\JInitiator 1.3.1.22\bin\awt.dll
0x73630000 - 0x736CF000 	C:\Windows\SYSTEM32\apphelp.dll
0x71520000 - 0x71771000 	C:\Windows\SYSTEM32\AcGenral.DLL
0x73DC0000 - 0x73DD5000 	C:\Windows\SYSTEM32\samcli.dll
0x72D00000 - 0x72D19000 	C:\Windows\SYSTEM32\MSACM32.dll
0x714F0000 - 0x71515000 	C:\Windows\SYSTEM32\USERENV.dll
0x71310000 - 0x714B8000 	C:\Windows\SYSTEM32\urlmon.dll
0x712F0000 - 0x71309000 	C:\Windows\SYSTEM32\MPR.dll
0x74B80000 - 0x74BA1000 	C:\Windows\SYSTEM32\SspiCli.dll
0x714C0000 - 0x714E6000 	C:\Windows\SYSTEM32\dwmapi.dll
0x72CE0000 - 0x72CFD000 	C:\Windows\SYSTEM32\winmmbase.dll
0x710A0000 - 0x710BD000 	C:\Windows\SYSTEM32\srvcli.dll
0x73DA0000 - 0x73DAB000 	C:\Windows\SYSTEM32\netutils.dll
0x710C0000 - 0x712EB000 	C:\Windows\SYSTEM32\iertutil.dll
0x6D1E0000 - 0x6D21C000 	C:\Program Files (x86)\Oracle\JInitiator 1.3.1.22\bin\fontmanager.dll
0x6F830000 - 0x6F933000 	C:\Windows\SYSTEM32\OPENGL32.DLL
0x6F7F0000 - 0x6F82F000 	C:\Windows\SYSTEM32\GLU32.dll
0x6F730000 - 0x6F7EA000 	C:\Windows\System32\AppXDeploymentClient.dll
0x6E690000 - 0x6F07B000 	C:\Windows\SYSTEM32\ig8icd32.dll
0x6DDC0000 - 0x6E68A000 	C:\Windows\SYSTEM32\igdusc32.dll
0x704E0000 - 0x704EF000 	C:\Windows\SYSTEM32\WTSAPI32.dll
0x6DCD0000 - 0x6DDB9000 	C:\Windows\SYSTEM32\ddraw.dll
0x6F720000 - 0x6F727000 	C:\Windows\SYSTEM32\DCIMAN32.dll
0x11B80000 - 0x13FD4000 	C:\Windows\SYSTEM32\igdumdim32.dll
0x74E40000 - 0x75275000 	C:\Windows\System32\SETUPAPI.dll
0x6F6F0000 - 0x6F71C000 	C:\Windows\SYSTEM32\dxcore.dll
0x6D340000 - 0x6D348000 	C:\Program Files (x86)\Oracle\JInitiator 1.3.1.22\bin\net.dll
0x6D2C0000 - 0x6D2DB000 	C:\Program Files (x86)\Oracle\JInitiator 1.3.1.22\bin\jpeg.dll
0x76930000 - 0x76949000 	C:\Windows\System32\imagehlp.dll
0x74BB0000 - 0x74D38000 	C:\Windows\System32\dbghelp.dll
0x76D10000 - 0x76D16000 	C:\Windows\System32\PSAPI.DLL

Local Time = Tue Dec 14 17:53:04 2021
Elapsed Time = 412
#
# The exception above was detected in native code outside the VM
#
# Java VM: Java HotSpot(TM) Client VM (1.3.1_15-b01 mixed mode)
#
